\BOOKMARK [1][-]{section.1}{\376\377\000P\000r\000o\000j\000e\000c\000t\000\040\000G\000o\000a\000l\000s}{}% 1
\BOOKMARK [1][-]{section.2}{\376\377\000S\000o\000f\000t\000w\000a\000r\000e\000\040\000a\000n\000d\000\040\000H\000a\000r\000d\000w\000a\000r\000e\000\040\000C\000o\000m\000p\000o\000n\000e\000n\000t\000s}{}% 2
\BOOKMARK [2][-]{subsection.2.1}{\376\377\000C\000l\000o\000u\000d\000\040\000P\000l\000a\000t\000f\000o\000r\000m\000:\000\040\000G\000C\000P}{section.2}% 3
\BOOKMARK [2][-]{subsection.2.2}{\376\377\000D\000a\000t\000a\000\040\000L\000a\000y\000e\000r}{section.2}% 4
\BOOKMARK [2][-]{subsection.2.3}{\376\377\000C\000o\000m\000p\000u\000t\000e\000\040\000L\000a\000y\000e\000r}{section.2}% 5
\BOOKMARK [2][-]{subsection.2.4}{\376\377\000M\000e\000s\000s\000a\000g\000e\000\040\000Q\000u\000e\000u\000e\000\040\000L\000a\000y\000e\000r}{section.2}% 6
\BOOKMARK [2][-]{subsection.2.5}{\376\377\000A\000P\000I\000s}{section.2}% 7
\BOOKMARK [2][-]{subsection.2.6}{\376\377\000M\000L}{section.2}% 8
\BOOKMARK [2][-]{subsection.2.7}{\376\377\000F\000r\000o\000n\000t\000e\000n\000d}{section.2}% 9
\BOOKMARK [2][-]{subsection.2.8}{\376\377\000M\000o\000n\000i\000t\000o\000r\000i\000n\000g\000\040\000a\000n\000d\000\040\000L\000o\000g\000g\000i\000n\000g}{section.2}% 10
\BOOKMARK [2][-]{subsection.2.9}{\376\377\000H\000a\000r\000d\000w\000a\000r\000e\000\040\000R\000e\000s\000o\000u\000r\000c\000e\000s\000\040\000\050\000G\000C\000P\000\051}{section.2}% 11
\BOOKMARK [1][-]{section.3}{\376\377\000A\000r\000c\000h\000i\000t\000e\000c\000t\000u\000r\000e}{}% 12
\BOOKMARK [1][-]{section.4}{\376\377\000M\000i\000c\000r\000o\000s\000e\000r\000v\000i\000c\000e\000s\000\040\000a\000n\000d\000\040\000I\000n\000t\000e\000r\000a\000c\000t\000i\000o\000n\000s}{}% 13
\BOOKMARK [2][-]{subsection.4.1}{\376\377\000D\000a\000t\000a\000\040\000F\000l\000o\000w\000\040\000a\000n\000d\000\040\000C\000o\000m\000p\000o\000n\000e\000n\000t\000\040\000I\000n\000t\000e\000r\000a\000c\000t\000i\000o\000n\000s}{section.4}% 14
\BOOKMARK [3][-]{subsubsection.4.1.1}{\376\377\000D\000a\000t\000a\000\040\000I\000n\000g\000e\000s\000t\000i\000o\000n}{subsection.4.1}% 15
\BOOKMARK [3][-]{subsubsection.4.1.2}{\376\377\000M\000o\000d\000e\000l\000\040\000T\000r\000a\000i\000n\000i\000n\000g\000\040\000a\000n\000d\000\040\000I\000n\000f\000e\000r\000e\000n\000c\000e}{subsection.4.1}% 16
\BOOKMARK [3][-]{subsubsection.4.1.3}{\376\377\000P\000o\000i\000s\000s\000o\000n\000\040\000P\000r\000o\000c\000e\000s\000s\000\040\000M\000o\000d\000e\000l\000i\000n\000g}{subsection.4.1}% 17
\BOOKMARK [3][-]{subsubsection.4.1.4}{\376\377\000A\000P\000I\000\040\000R\000e\000q\000u\000e\000s\000t\000s}{subsection.4.1}% 18
\BOOKMARK [3][-]{subsubsection.4.1.5}{\376\377\000R\000e\000a\000l\000-\000t\000i\000m\000e\000\040\000U\000p\000d\000a\000t\000e\000s}{subsection.4.1}% 19
\BOOKMARK [3][-]{subsubsection.4.1.6}{\376\377\000C\000o\000n\000t\000a\000i\000n\000e\000r\000i\000z\000e\000d\000\040\000D\000e\000p\000l\000o\000y\000m\000e\000n\000t}{subsection.4.1}% 20
\BOOKMARK [3][-]{subsubsection.4.1.7}{\376\377\000M\000e\000s\000s\000a\000g\000e\000\040\000Q\000u\000e\000u\000e\000\040\000C\000o\000o\000r\000d\000i\000n\000a\000t\000i\000o\000n}{subsection.4.1}% 21
\BOOKMARK [1][-]{section.5}{\376\377\000D\000e\000b\000u\000g\000g\000i\000n\000g\000\040\000a\000n\000d\000\040\000T\000e\000s\000t\000i\000n\000g}{}% 22
\BOOKMARK [2][-]{subsection.5.1}{\376\377\000U\000n\000i\000t\000\040\000T\000e\000s\000t\000i\000n\000g}{section.5}% 23
\BOOKMARK [2][-]{subsection.5.2}{\376\377\000I\000n\000t\000e\000g\000r\000a\000t\000i\000o\000n\000\040\000T\000e\000s\000t\000i\000n\000g}{section.5}% 24
\BOOKMARK [2][-]{subsection.5.3}{\376\377\000E\000n\000d\000-\000t\000o\000-\000E\000n\000d\000\040\000T\000e\000s\000t\000i\000n\000g}{section.5}% 25
\BOOKMARK [2][-]{subsection.5.4}{\376\377\000M\000o\000d\000e\000l\000\040\000V\000a\000l\000i\000d\000a\000t\000i\000o\000n\000\040\000a\000n\000d\000\040\000T\000e\000s\000t\000i\000n\000g}{section.5}% 26
\BOOKMARK [2][-]{subsection.5.5}{\376\377\000D\000e\000b\000u\000g\000g\000i\000n\000g\000\040\000T\000o\000o\000l\000s\000\040\000a\000n\000d\000\040\000T\000e\000c\000h\000n\000i\000q\000u\000e\000s}{section.5}% 27
\BOOKMARK [2][-]{subsection.5.6}{\376\377\000D\000a\000t\000a\000\040\000Q\000u\000a\000l\000i\000t\000y\000\040\000M\000o\000n\000i\000t\000o\000r\000i\000n\000g}{section.5}% 28
\BOOKMARK [1][-]{section.6}{\376\377\000C\000l\000o\000u\000d\000\040\000T\000e\000c\000h\000n\000o\000l\000o\000g\000i\000e\000s\000\040\000U\000s\000e\000d}{}% 29
\BOOKMARK [2][-]{subsection.6.1}{\376\377\000M\000e\000s\000s\000a\000g\000e\000\040\000Q\000u\000e\000u\000e\000s}{section.6}% 30
\BOOKMARK [2][-]{subsection.6.2}{\376\377\000D\000a\000t\000a\000b\000a\000s\000e\000s}{section.6}% 31
\BOOKMARK [2][-]{subsection.6.3}{\376\377\000K\000e\000y\000-\000V\000a\000l\000u\000e\000\040\000S\000t\000o\000r\000e\000s}{section.6}% 32
\BOOKMARK [2][-]{subsection.6.4}{\376\377\000C\000o\000n\000t\000a\000i\000n\000e\000r\000i\000z\000a\000t\000i\000o\000n}{section.6}% 33
\BOOKMARK [2][-]{subsection.6.5}{\376\377\000S\000t\000o\000r\000a\000g\000e\000\040\000S\000e\000r\000v\000i\000c\000e\000s}{section.6}% 34
\BOOKMARK [2][-]{subsection.6.6}{\376\377\000R\000P\000C\000\040\000/\000\040\000A\000P\000I\000\040\000I\000n\000t\000e\000r\000f\000a\000c\000e\000s}{section.6}% 35
